17:17:47 INFO  : Registering command handlers for SDK TCF services
17:17:49 INFO  : Launching XSCT server: xsct.bat -interactive C:\Users\Juanma\Documents\Juanma\CESE\MyS\Practicas\lab1\lab1.sdk\temp_xsdb_launch_script.tcl
17:17:52 INFO  : XSCT server has started successfully.
17:17:56 INFO  : Successfully done setting XSCT server connection channel  
17:17:56 INFO  : Successfully done setting SDK workspace  
17:17:56 INFO  : Processing command line option -hwspec C:/Users/Juanma/Documents/Juanma/CESE/MyS/Practicas/lab1/lab1.sdk/system_wrapper.hdf.
17:44:57 INFO  : Connected to target on host 'lseserver.ddns.net' and port '3121'.
17:45:57 INFO  : Connected to target on host 'lseserver.ddns.net' and port '3121'.
17:46:15 INFO  : Connected to target on host 'lseserver.ddns.net' and port '3121'.
17:47:27 INFO  : Connected through redirection to target on host 'lseserver.ddns.net' and port '3121'.
17:47:28 WARN  : SDK version '2018.1' doesn't match hw_server version '2023.2'. Some debug features may not work.
17:47:39 INFO  : Jtag cable 'Digilent Arty Z7 003017A4C81CA' is selected.
17:47:39 INFO  : 'jtag frequency' command is executed.
17:47:39 INFO  : Sourcing of 'C:/Users/Juanma/Documents/Juanma/CESE/MyS/Practicas/lab1/lab1.sdk/system_wrapper_hw_platform_0/ps7_init.tcl' is done.
17:47:39 INFO  : Context for 'APU' is selected.
17:47:39 INFO  : Hardware design information is loaded from 'C:/Users/Juanma/Documents/Juanma/CESE/MyS/Practicas/lab1/lab1.sdk/system_wrapper_hw_platform_0/system.hdf'.
17:47:39 INFO  : 'configparams force-mem-access 1' command is executed.
17:47:39 INFO  : Context for 'APU' is selected.
17:47:40 INFO  : 'stop' command is executed.
17:47:48 INFO  : 'ps7_init' command is executed.
17:47:49 INFO  : 'ps7_post_config' command is executed.
17:47:49 INFO  : Context for processor 'ps7_cortexa9_0' is selected.
17:47:49 INFO  : Processor reset is completed for 'ps7_cortexa9_0'.
17:47:49 INFO  : Context for processor 'ps7_cortexa9_0' is selected.
17:47:49 INFO  : The application 'C:/Users/Juanma/Documents/Juanma/CESE/MyS/Practicas/lab1/lab1.sdk/mem_test/Debug/mem_test.elf' is downloaded to processor 'ps7_cortexa9_0'.
17:47:49 INFO  : 'configparams force-mem-access 0' command is executed.
17:47:49 INFO  : ----------------XSDB Script----------------
connect -path [list tcp::1534 tcp:lseserver.ddns.net:3121]
source C:/Users/Juanma/Documents/Juanma/CESE/MyS/Practicas/lab1/lab1.sdk/system_wrapper_hw_platform_0/ps7_init.tcl
targets -set -nocase -filter {name =~"APU*" && jtag_cable_name =~ "Digilent Arty Z7 003017A4C81CA"} -index 0
loadhw -hw C:/Users/Juanma/Documents/Juanma/CESE/MyS/Practicas/lab1/lab1.sdk/system_wrapper_hw_platform_0/system.hdf -mem-ranges [list {0x40000000 0xbfffffff}]
configparams force-mem-access 1
targets -set -nocase -filter {name =~"APU*" && jtag_cable_name =~ "Digilent Arty Z7 003017A4C81CA"} -index 0
stop
ps7_init
ps7_post_config
targets -set -nocase -filter {name =~ "ARM*#0" && jtag_cable_name =~ "Digilent Arty Z7 003017A4C81CA"} -index 0
rst -processor
targets -set -nocase -filter {name =~ "ARM*#0" && jtag_cable_name =~ "Digilent Arty Z7 003017A4C81CA"} -index 0
dow C:/Users/Juanma/Documents/Juanma/CESE/MyS/Practicas/lab1/lab1.sdk/mem_test/Debug/mem_test.elf
configparams force-mem-access 0
----------------End of Script----------------

17:47:50 INFO  : Context for processor 'ps7_cortexa9_0' is selected.
17:47:50 INFO  : 'con' command is executed.
17:47:50 INFO  : ----------------XSDB Script (After Launch)----------------
targets -set -nocase -filter {name =~ "ARM*#0" && jtag_cable_name =~ "Digilent Arty Z7 003017A4C81CA"} -index 0
con
----------------End of Script----------------

17:47:50 INFO  : Launch script is exported to file 'C:\Users\Juanma\Documents\Juanma\CESE\MyS\Practicas\lab1\lab1.sdk\.sdk\launch_scripts\xilinx_c-c++_application_(system_debugger)\conexion_remota.tcl'
17:50:26 INFO  : Disconnected from the channel tcfchan#2.
17:50:27 INFO  : Connected through redirection to target on host 'lseserver.ddns.net' and port '3121'.
17:50:27 WARN  : SDK version '2018.1' doesn't match hw_server version '2023.2'. Some debug features may not work.
17:50:30 INFO  : Jtag cable 'Digilent Arty Z7 003017A4C81CA' is selected.
17:50:30 INFO  : 'jtag frequency' command is executed.
17:50:30 INFO  : Sourcing of 'C:/Users/Juanma/Documents/Juanma/CESE/MyS/Practicas/lab1/lab1.sdk/system_wrapper_hw_platform_0/ps7_init.tcl' is done.
17:50:31 INFO  : Context for 'APU' is selected.
17:50:32 INFO  : Hardware design information is loaded from 'C:/Users/Juanma/Documents/Juanma/CESE/MyS/Practicas/lab1/lab1.sdk/system_wrapper_hw_platform_0/system.hdf'.
17:50:32 INFO  : 'configparams force-mem-access 1' command is executed.
17:50:32 INFO  : Context for 'APU' is selected.
17:50:32 INFO  : 'stop' command is executed.
17:50:39 INFO  : 'ps7_init' command is executed.
17:50:39 INFO  : 'ps7_post_config' command is executed.
17:50:39 INFO  : Context for processor 'ps7_cortexa9_0' is selected.
17:50:40 INFO  : Processor reset is completed for 'ps7_cortexa9_0'.
17:50:40 INFO  : Context for processor 'ps7_cortexa9_0' is selected.
17:50:40 INFO  : The application 'C:/Users/Juanma/Documents/Juanma/CESE/MyS/Practicas/lab1/lab1.sdk/mem_test/Debug/mem_test.elf' is downloaded to processor 'ps7_cortexa9_0'.
17:50:40 INFO  : 'configparams force-mem-access 0' command is executed.
17:50:40 INFO  : ----------------XSDB Script----------------
connect -path [list tcp::1534 tcp:lseserver.ddns.net:3121]
source C:/Users/Juanma/Documents/Juanma/CESE/MyS/Practicas/lab1/lab1.sdk/system_wrapper_hw_platform_0/ps7_init.tcl
targets -set -nocase -filter {name =~"APU*" && jtag_cable_name =~ "Digilent Arty Z7 003017A4C81CA"} -index 0
loadhw -hw C:/Users/Juanma/Documents/Juanma/CESE/MyS/Practicas/lab1/lab1.sdk/system_wrapper_hw_platform_0/system.hdf -mem-ranges [list {0x40000000 0xbfffffff}]
configparams force-mem-access 1
targets -set -nocase -filter {name =~"APU*" && jtag_cable_name =~ "Digilent Arty Z7 003017A4C81CA"} -index 0
stop
ps7_init
ps7_post_config
targets -set -nocase -filter {name =~ "ARM*#0" && jtag_cable_name =~ "Digilent Arty Z7 003017A4C81CA"} -index 0
rst -processor
targets -set -nocase -filter {name =~ "ARM*#0" && jtag_cable_name =~ "Digilent Arty Z7 003017A4C81CA"} -index 0
dow C:/Users/Juanma/Documents/Juanma/CESE/MyS/Practicas/lab1/lab1.sdk/mem_test/Debug/mem_test.elf
configparams force-mem-access 0
----------------End of Script----------------

17:50:40 INFO  : Context for processor 'ps7_cortexa9_0' is selected.
17:50:40 INFO  : 'con' command is executed.
17:50:40 INFO  : ----------------XSDB Script (After Launch)----------------
targets -set -nocase -filter {name =~ "ARM*#0" && jtag_cable_name =~ "Digilent Arty Z7 003017A4C81CA"} -index 0
con
----------------End of Script----------------

17:50:40 INFO  : Launch script is exported to file 'C:\Users\Juanma\Documents\Juanma\CESE\MyS\Practicas\lab1\lab1.sdk\.sdk\launch_scripts\xilinx_c-c++_application_(system_debugger)\conexion_remota.tcl'
17:51:57 INFO  : Disconnected from the channel tcfchan#3.
16:27:36 INFO  : Registering command handlers for SDK TCF services
16:27:37 INFO  : Launching XSCT server: xsct.bat -interactive C:\Users\Juanma\Documents\Juanma\CESE\MyS\Practicas\lab2\lab2.sdk\temp_xsdb_launch_script.tcl
16:27:40 INFO  : XSCT server has started successfully.
16:27:40 INFO  : Successfully done setting XSCT server connection channel  
16:27:44 INFO  : Successfully done setting SDK workspace  
16:27:44 INFO  : Processing command line option -hwspec C:/Users/Juanma/Documents/Juanma/CESE/MyS/Practicas/lab2/lab2.sdk/system_wrapper.hdf.
16:30:25 INFO  : Registering command handlers for SDK TCF services
16:30:25 INFO  : Launching XSCT server: xsct.bat -interactive C:\Users\Juanma\Documents\Juanma\CESE\MyS\Practicas\lab2\lab2.sdk\temp_xsdb_launch_script.tcl
16:30:27 INFO  : XSCT server has started successfully.
16:30:27 INFO  : Successfully done setting XSCT server connection channel  
16:30:28 INFO  : Successfully done setting SDK workspace  
16:30:28 INFO  : Processing command line option -hwspec C:/Users/Juanma/Documents/Juanma/CESE/MyS/Practicas/lab2/lab2.sdk/system_wrapper.hdf.
17:35:37 INFO  : SDK has detected change in the last modified timestamps for source hardware specification file Source:1748291733617,  Project:1748287612283
17:35:37 INFO  : Project system_wrapper_hw_platform_2's source hardware specification located at C:/Users/Juanma/Documents/Juanma/CESE/MyS/Practicas/lab2/lab2.sdk/system_wrapper.hdf is now different from the local copy.
		 The local copy will be replaced with the source specification and your workspace will be updated.
17:36:14 INFO  : Project system_wrapper_hw_platform_2's source hardware specification location will not be monitored anymore.
17:37:27 INFO  : Registering command handlers for SDK TCF services
17:37:28 INFO  : Launching XSCT server: xsct.bat -interactive C:\Users\Juanma\Documents\Juanma\CESE\MyS\Practicas\lab2\lab2.sdk\temp_xsdb_launch_script.tcl
17:37:30 INFO  : XSCT server has started successfully.
17:37:30 INFO  : Successfully done setting XSCT server connection channel  
17:37:30 INFO  : Successfully done setting SDK workspace  
17:37:30 INFO  : Processing command line option -hwspec C:/Users/Juanma/Documents/Juanma/CESE/MyS/Practicas/lab2/lab2.sdk/system_wrapper.hdf.
17:51:16 INFO  : Connected to target on host 'lseserver.ddns.net' and port '3121'.
17:51:38 INFO  : Connected to target on host 'lseserver.ddns.net' and port '3121'.
17:51:54 INFO  : Connected to target on host 'lseserver.ddns.net' and port '3121'.
17:54:42 INFO  : 'targets -set -filter {jtag_cable_name =~ "Digilent Arty Z7 003017A4C8ABA" && level==0} -index 1' command is executed.
17:54:42 INFO  : 'fpga -state' command is executed.
17:54:43 INFO  : Connected through redirection to target on host 'lseserver.ddns.net' and port '3121'.
17:54:43 WARN  : SDK version '2018.1' doesn't match hw_server version '2023.2'. Some debug features may not work.
17:54:50 INFO  : Jtag cable 'Digilent Arty Z7 003017A4C8ABA' is selected.
17:54:50 INFO  : 'jtag frequency' command is executed.
17:54:50 INFO  : Sourcing of 'C:/Users/Juanma/Documents/Juanma/CESE/MyS/Practicas/lab2/lab2.sdk/system_wrapper_hw_platform_3/ps7_init.tcl' is done.
17:54:51 INFO  : Context for 'APU' is selected.
17:54:51 INFO  : Hardware design information is loaded from 'C:/Users/Juanma/Documents/Juanma/CESE/MyS/Practicas/lab2/lab2.sdk/system_wrapper_hw_platform_3/system.hdf'.
17:54:51 INFO  : 'configparams force-mem-access 1' command is executed.
17:54:51 INFO  : Context for 'APU' is selected.
17:54:51 INFO  : 'stop' command is executed.
17:54:59 INFO  : 'ps7_init' command is executed.
17:54:59 INFO  : 'ps7_post_config' command is executed.
17:54:59 INFO  : Context for processor 'ps7_cortexa9_0' is selected.
17:55:00 INFO  : Processor reset is completed for 'ps7_cortexa9_0'.
17:55:00 INFO  : Context for processor 'ps7_cortexa9_0' is selected.
17:55:00 INFO  : The application 'C:/Users/Juanma/Documents/Juanma/CESE/MyS/Practicas/lab2/lab2.sdk/TestApp2/Debug/TestApp2.elf' is downloaded to processor 'ps7_cortexa9_0'.
17:55:00 INFO  : 'configparams force-mem-access 0' command is executed.
17:55:00 INFO  : ----------------XSDB Script----------------
connect -path [list tcp::1534 tcp:lseserver.ddns.net:3121]
source C:/Users/Juanma/Documents/Juanma/CESE/MyS/Practicas/lab2/lab2.sdk/system_wrapper_hw_platform_3/ps7_init.tcl
targets -set -nocase -filter {name =~"APU*" && jtag_cable_name =~ "Digilent Arty Z7 003017A4C8ABA"} -index 0
loadhw -hw C:/Users/Juanma/Documents/Juanma/CESE/MyS/Practicas/lab2/lab2.sdk/system_wrapper_hw_platform_3/system.hdf -mem-ranges [list {0x40000000 0xbfffffff}]
configparams force-mem-access 1
targets -set -nocase -filter {name =~"APU*" && jtag_cable_name =~ "Digilent Arty Z7 003017A4C8ABA"} -index 0
stop
ps7_init
ps7_post_config
targets -set -nocase -filter {name =~ "ARM*#0" && jtag_cable_name =~ "Digilent Arty Z7 003017A4C8ABA"} -index 0
rst -processor
targets -set -nocase -filter {name =~ "ARM*#0" && jtag_cable_name =~ "Digilent Arty Z7 003017A4C8ABA"} -index 0
dow C:/Users/Juanma/Documents/Juanma/CESE/MyS/Practicas/lab2/lab2.sdk/TestApp2/Debug/TestApp2.elf
configparams force-mem-access 0
----------------End of Script----------------

17:55:00 INFO  : Memory regions updated for context APU
17:55:00 INFO  : Context for processor 'ps7_cortexa9_0' is selected.
17:55:00 INFO  : 'con' command is executed.
17:55:00 INFO  : ----------------XSDB Script (After Launch)----------------
targets -set -nocase -filter {name =~ "ARM*#0" && jtag_cable_name =~ "Digilent Arty Z7 003017A4C8ABA"} -index 0
con
----------------End of Script----------------

17:55:00 INFO  : Launch script is exported to file 'C:\Users\Juanma\Documents\Juanma\CESE\MyS\Practicas\lab2\lab2.sdk\.sdk\launch_scripts\xilinx_c-c++_application_(system_debugger)\servidor.tcl'
18:05:21 INFO  : Disconnected from the channel tcfchan#2.
18:05:22 INFO  : Connected through redirection to target on host 'lseserver.ddns.net' and port '3121'.
18:05:22 WARN  : SDK version '2018.1' doesn't match hw_server version '2023.2'. Some debug features may not work.
18:05:26 INFO  : Jtag cable 'Digilent Arty Z7 003017A4C8ABA' is selected.
18:05:26 INFO  : 'jtag frequency' command is executed.
18:05:26 INFO  : Sourcing of 'C:/Users/Juanma/Documents/Juanma/CESE/MyS/Practicas/lab2/lab2.sdk/system_wrapper_hw_platform_3/ps7_init.tcl' is done.
18:05:27 INFO  : 'targets -set -filter {jtag_cable_name =~ "Digilent Arty Z7 003017A4C8ABA" && level==0} -index 1' command is executed.
18:05:30 INFO  : FPGA configured successfully with bitstream "C:/Users/Juanma/Documents/Juanma/CESE/MyS/Practicas/lab2/lab2.runs/impl_1/system_wrapper.bit"
18:05:30 INFO  : Context for 'APU' is selected.
18:05:31 INFO  : Hardware design information is loaded from 'C:/Users/Juanma/Documents/Juanma/CESE/MyS/Practicas/lab2/lab2.sdk/system_wrapper_hw_platform_3/system.hdf'.
18:05:31 INFO  : 'configparams force-mem-access 1' command is executed.
18:05:31 INFO  : Context for 'APU' is selected.
18:05:32 INFO  : 'stop' command is executed.
18:05:39 INFO  : 'ps7_init' command is executed.
18:05:40 INFO  : 'ps7_post_config' command is executed.
18:05:40 INFO  : Context for processor 'ps7_cortexa9_0' is selected.
18:05:40 INFO  : Processor reset is completed for 'ps7_cortexa9_0'.
18:05:40 INFO  : Context for processor 'ps7_cortexa9_0' is selected.
18:05:40 INFO  : The application 'C:/Users/Juanma/Documents/Juanma/CESE/MyS/Practicas/lab2/lab2.sdk/TestApp2/Debug/TestApp2.elf' is downloaded to processor 'ps7_cortexa9_0'.
18:05:40 INFO  : 'configparams force-mem-access 0' command is executed.
18:05:40 INFO  : ----------------XSDB Script----------------
connect -path [list tcp::1534 tcp:lseserver.ddns.net:3121]
source C:/Users/Juanma/Documents/Juanma/CESE/MyS/Practicas/lab2/lab2.sdk/system_wrapper_hw_platform_3/ps7_init.tcl
targets -set -filter {jtag_cable_name =~ "Digilent Arty Z7 003017A4C8ABA" && level==0} -index 1
fpga -file C:/Users/Juanma/Documents/Juanma/CESE/MyS/Practicas/lab2/lab2.runs/impl_1/system_wrapper.bit
targets -set -nocase -filter {name =~"APU*" && jtag_cable_name =~ "Digilent Arty Z7 003017A4C8ABA"} -index 0
loadhw -hw C:/Users/Juanma/Documents/Juanma/CESE/MyS/Practicas/lab2/lab2.sdk/system_wrapper_hw_platform_3/system.hdf -mem-ranges [list {0x40000000 0xbfffffff}]
configparams force-mem-access 1
targets -set -nocase -filter {name =~"APU*" && jtag_cable_name =~ "Digilent Arty Z7 003017A4C8ABA"} -index 0
stop
ps7_init
ps7_post_config
targets -set -nocase -filter {name =~ "ARM*#0" && jtag_cable_name =~ "Digilent Arty Z7 003017A4C8ABA"} -index 0
rst -processor
targets -set -nocase -filter {name =~ "ARM*#0" && jtag_cable_name =~ "Digilent Arty Z7 003017A4C8ABA"} -index 0
dow C:/Users/Juanma/Documents/Juanma/CESE/MyS/Practicas/lab2/lab2.sdk/TestApp2/Debug/TestApp2.elf
configparams force-mem-access 0
----------------End of Script----------------

18:05:41 INFO  : Memory regions updated for context APU
18:05:41 INFO  : Context for processor 'ps7_cortexa9_0' is selected.
18:05:41 INFO  : 'con' command is executed.
18:05:41 INFO  : ----------------XSDB Script (After Launch)----------------
targets -set -nocase -filter {name =~ "ARM*#0" && jtag_cable_name =~ "Digilent Arty Z7 003017A4C8ABA"} -index 0
con
----------------End of Script----------------

18:05:41 INFO  : Launch script is exported to file 'C:\Users\Juanma\Documents\Juanma\CESE\MyS\Practicas\lab2\lab2.sdk\.sdk\launch_scripts\xilinx_c-c++_application_(system_debugger)\servidor.tcl'
05:05:29 WARN  : channel "tcfchan#3" closed
14:40:59 INFO  : Connected through redirection to target on host 'lseserver.ddns.net' and port '3121'.
14:41:00 WARN  : SDK version '2018.1' doesn't match hw_server version '2023.2'. Some debug features may not work.
14:41:04 INFO  : Jtag cable 'Digilent Arty Z7 003017A4C8ABA' is selected.
14:41:04 INFO  : 'jtag frequency' command is executed.
14:41:04 INFO  : Sourcing of 'C:/Users/Juanma/Documents/Juanma/CESE/MyS/Practicas/lab2/lab2.sdk/system_wrapper_hw_platform_3/ps7_init.tcl' is done.
14:41:04 INFO  : 'targets -set -filter {jtag_cable_name =~ "Digilent Arty Z7 003017A4C8ABA" && level==0} -index 1' command is executed.
14:41:06 INFO  : FPGA configured successfully with bitstream "C:/Users/Juanma/Documents/Juanma/CESE/MyS/Practicas/lab2/lab2.runs/impl_1/system_wrapper.bit"
14:41:07 INFO  : Context for 'APU' is selected.
14:41:07 INFO  : Hardware design information is loaded from 'C:/Users/Juanma/Documents/Juanma/CESE/MyS/Practicas/lab2/lab2.sdk/system_wrapper_hw_platform_3/system.hdf'.
14:41:07 INFO  : 'configparams force-mem-access 1' command is executed.
14:41:07 INFO  : Context for 'APU' is selected.
14:41:07 INFO  : 'stop' command is executed.
14:41:14 INFO  : 'ps7_init' command is executed.
14:41:14 INFO  : 'ps7_post_config' command is executed.
14:41:14 INFO  : Context for processor 'ps7_cortexa9_0' is selected.
14:41:14 INFO  : Processor reset is completed for 'ps7_cortexa9_0'.
14:41:14 INFO  : Context for processor 'ps7_cortexa9_0' is selected.
14:41:15 INFO  : The application 'C:/Users/Juanma/Documents/Juanma/CESE/MyS/Practicas/lab2/lab2.sdk/TestApp2/Debug/TestApp2.elf' is downloaded to processor 'ps7_cortexa9_0'.
14:41:15 INFO  : 'configparams force-mem-access 0' command is executed.
14:41:15 INFO  : ----------------XSDB Script----------------
connect -path [list tcp::1534 tcp:lseserver.ddns.net:3121]
source C:/Users/Juanma/Documents/Juanma/CESE/MyS/Practicas/lab2/lab2.sdk/system_wrapper_hw_platform_3/ps7_init.tcl
targets -set -filter {jtag_cable_name =~ "Digilent Arty Z7 003017A4C8ABA" && level==0} -index 1
fpga -file C:/Users/Juanma/Documents/Juanma/CESE/MyS/Practicas/lab2/lab2.runs/impl_1/system_wrapper.bit
targets -set -nocase -filter {name =~"APU*" && jtag_cable_name =~ "Digilent Arty Z7 003017A4C8ABA"} -index 0
loadhw -hw C:/Users/Juanma/Documents/Juanma/CESE/MyS/Practicas/lab2/lab2.sdk/system_wrapper_hw_platform_3/system.hdf -mem-ranges [list {0x40000000 0xbfffffff}]
configparams force-mem-access 1
targets -set -nocase -filter {name =~"APU*" && jtag_cable_name =~ "Digilent Arty Z7 003017A4C8ABA"} -index 0
stop
ps7_init
ps7_post_config
targets -set -nocase -filter {name =~ "ARM*#0" && jtag_cable_name =~ "Digilent Arty Z7 003017A4C8ABA"} -index 0
rst -processor
targets -set -nocase -filter {name =~ "ARM*#0" && jtag_cable_name =~ "Digilent Arty Z7 003017A4C8ABA"} -index 0
dow C:/Users/Juanma/Documents/Juanma/CESE/MyS/Practicas/lab2/lab2.sdk/TestApp2/Debug/TestApp2.elf
configparams force-mem-access 0
----------------End of Script----------------

14:41:15 INFO  : Memory regions updated for context APU
14:41:15 INFO  : Context for processor 'ps7_cortexa9_0' is selected.
14:41:15 INFO  : 'con' command is executed.
14:41:15 INFO  : ----------------XSDB Script (After Launch)----------------
targets -set -nocase -filter {name =~ "ARM*#0" && jtag_cable_name =~ "Digilent Arty Z7 003017A4C8ABA"} -index 0
con
----------------End of Script----------------

14:41:15 INFO  : Launch script is exported to file 'C:\Users\Juanma\Documents\Juanma\CESE\MyS\Practicas\lab2\lab2.sdk\.sdk\launch_scripts\xilinx_c-c++_application_(system_debugger)\servidor.tcl'
14:47:15 INFO  : Connected to target on host 'lseserver.ddns.net' and port '3121'.
14:47:31 INFO  : Connected to target on host 'lseserver.ddns.net' and port '3121'.
14:47:37 INFO  : Connected to target on host 'lseserver.ddns.net' and port '3121'.
14:49:21 INFO  : 'targets -set -filter {jtag_cable_name =~ "Digilent Arty Z7 003017A4C8ABA" && level==0} -index 1' command is executed.
14:49:21 INFO  : 'fpga -state' command is executed.
14:49:21 INFO  : Connected through redirection to target on host 'lseserver.ddns.net' and port '3121'.
14:49:21 WARN  : SDK version '2018.1' doesn't match hw_server version '2023.2'. Some debug features may not work.
14:49:22 INFO  : Jtag cable 'Digilent Arty Z7 003017A4C8ABA' is selected.
14:49:22 INFO  : 'jtag frequency' command is executed.
14:49:22 INFO  : Sourcing of 'C:/Users/Juanma/Documents/Juanma/CESE/MyS/Practicas/lab2/lab2.sdk/system_wrapper_hw_platform_3/ps7_init.tcl' is done.
14:49:22 INFO  : Context for 'APU' is selected.
14:49:23 INFO  : Hardware design information is loaded from 'C:/Users/Juanma/Documents/Juanma/CESE/MyS/Practicas/lab2/lab2.sdk/system_wrapper_hw_platform_3/system.hdf'.
14:49:23 INFO  : 'configparams force-mem-access 1' command is executed.
14:49:23 INFO  : Context for 'APU' is selected.
14:49:24 INFO  : 'stop' command is executed.
14:49:30 INFO  : 'ps7_init' command is executed.
14:49:30 INFO  : 'ps7_post_config' command is executed.
14:49:31 INFO  : Context for processor 'ps7_cortexa9_0' is selected.
14:49:31 INFO  : Processor reset is completed for 'ps7_cortexa9_0'.
14:49:31 INFO  : Context for processor 'ps7_cortexa9_0' is selected.
14:49:31 INFO  : The application 'C:/Users/Juanma/Documents/Juanma/CESE/MyS/Practicas/lab2/lab2.sdk/TestApp2/Debug/TestApp2.elf' is downloaded to processor 'ps7_cortexa9_0'.
14:49:31 INFO  : 'configparams force-mem-access 0' command is executed.
14:49:31 INFO  : ----------------XSDB Script----------------
connect -path [list tcp::1534 tcp:lseserver.ddns.net:3121]
source C:/Users/Juanma/Documents/Juanma/CESE/MyS/Practicas/lab2/lab2.sdk/system_wrapper_hw_platform_3/ps7_init.tcl
targets -set -nocase -filter {name =~"APU*" && jtag_cable_name =~ "Digilent Arty Z7 003017A4C8ABA"} -index 0
loadhw -hw C:/Users/Juanma/Documents/Juanma/CESE/MyS/Practicas/lab2/lab2.sdk/system_wrapper_hw_platform_3/system.hdf -mem-ranges [list {0x40000000 0xbfffffff}]
configparams force-mem-access 1
targets -set -nocase -filter {name =~"APU*" && jtag_cable_name =~ "Digilent Arty Z7 003017A4C8ABA"} -index 0
stop
ps7_init
ps7_post_config
targets -set -nocase -filter {name =~ "ARM*#0" && jtag_cable_name =~ "Digilent Arty Z7 003017A4C8ABA"} -index 0
rst -processor
targets -set -nocase -filter {name =~ "ARM*#0" && jtag_cable_name =~ "Digilent Arty Z7 003017A4C8ABA"} -index 0
dow C:/Users/Juanma/Documents/Juanma/CESE/MyS/Practicas/lab2/lab2.sdk/TestApp2/Debug/TestApp2.elf
configparams force-mem-access 0
----------------End of Script----------------

14:49:31 INFO  : Memory regions updated for context APU
14:49:31 INFO  : Context for processor 'ps7_cortexa9_0' is selected.
14:49:31 INFO  : 'con' command is executed.
14:49:31 INFO  : ----------------XSDB Script (After Launch)----------------
targets -set -nocase -filter {name =~ "ARM*#0" && jtag_cable_name =~ "Digilent Arty Z7 003017A4C8ABA"} -index 0
con
----------------End of Script----------------

14:49:31 INFO  : Launch script is exported to file 'C:\Users\Juanma\Documents\Juanma\CESE\MyS\Practicas\lab2\lab2.sdk\.sdk\launch_scripts\xilinx_c-c++_application_(system_debugger)\server.tcl'
14:53:12 INFO  : Disconnected from the channel tcfchan#4.
14:53:12 WARN  : channel "tcfchan#4" closed
