17:17:47 INFO  : Registering command handlers for SDK TCF services
17:17:49 INFO  : Launching XSCT server: xsct.bat -interactive C:\Users\Juanma\Documents\Juanma\CESE\MyS\Practicas\lab1\lab1.sdk\temp_xsdb_launch_script.tcl
17:17:52 INFO  : XSCT server has started successfully.
17:17:56 INFO  : Successfully done setting XSCT server connection channel  
17:17:56 INFO  : Successfully done setting SDK workspace  
17:17:56 INFO  : Processing command line option -hwspec C:/Users/Juanma/Documents/Juanma/CESE/MyS/Practicas/lab1/lab1.sdk/system_wrapper.hdf.
17:44:57 INFO  : Connected to target on host 'lseserver.ddns.net' and port '3121'.
17:45:57 INFO  : Connected to target on host 'lseserver.ddns.net' and port '3121'.
17:46:15 INFO  : Connected to target on host 'lseserver.ddns.net' and port '3121'.
17:47:27 INFO  : Connected through redirection to target on host 'lseserver.ddns.net' and port '3121'.
17:47:28 WARN  : SDK version '2018.1' doesn't match hw_server version '2023.2'. Some debug features may not work.
17:47:39 INFO  : Jtag cable 'Digilent Arty Z7 003017A4C81CA' is selected.
17:47:39 INFO  : 'jtag frequency' command is executed.
17:47:39 INFO  : Sourcing of 'C:/Users/Juanma/Documents/Juanma/CESE/MyS/Practicas/lab1/lab1.sdk/system_wrapper_hw_platform_0/ps7_init.tcl' is done.
17:47:39 INFO  : Context for 'APU' is selected.
17:47:39 INFO  : Hardware design information is loaded from 'C:/Users/Juanma/Documents/Juanma/CESE/MyS/Practicas/lab1/lab1.sdk/system_wrapper_hw_platform_0/system.hdf'.
17:47:39 INFO  : 'configparams force-mem-access 1' command is executed.
17:47:39 INFO  : Context for 'APU' is selected.
17:47:40 INFO  : 'stop' command is executed.
17:47:48 INFO  : 'ps7_init' command is executed.
17:47:49 INFO  : 'ps7_post_config' command is executed.
17:47:49 INFO  : Context for processor 'ps7_cortexa9_0' is selected.
17:47:49 INFO  : Processor reset is completed for 'ps7_cortexa9_0'.
17:47:49 INFO  : Context for processor 'ps7_cortexa9_0' is selected.
17:47:49 INFO  : The application 'C:/Users/Juanma/Documents/Juanma/CESE/MyS/Practicas/lab1/lab1.sdk/mem_test/Debug/mem_test.elf' is downloaded to processor 'ps7_cortexa9_0'.
17:47:49 INFO  : 'configparams force-mem-access 0' command is executed.
17:47:49 INFO  : ----------------XSDB Script----------------
connect -path [list tcp::1534 tcp:lseserver.ddns.net:3121]
source C:/Users/Juanma/Documents/Juanma/CESE/MyS/Practicas/lab1/lab1.sdk/system_wrapper_hw_platform_0/ps7_init.tcl
targets -set -nocase -filter {name =~"APU*" && jtag_cable_name =~ "Digilent Arty Z7 003017A4C81CA"} -index 0
loadhw -hw C:/Users/Juanma/Documents/Juanma/CESE/MyS/Practicas/lab1/lab1.sdk/system_wrapper_hw_platform_0/system.hdf -mem-ranges [list {0x40000000 0xbfffffff}]
configparams force-mem-access 1
targets -set -nocase -filter {name =~"APU*" && jtag_cable_name =~ "Digilent Arty Z7 003017A4C81CA"} -index 0
stop
ps7_init
ps7_post_config
targets -set -nocase -filter {name =~ "ARM*#0" && jtag_cable_name =~ "Digilent Arty Z7 003017A4C81CA"} -index 0
rst -processor
targets -set -nocase -filter {name =~ "ARM*#0" && jtag_cable_name =~ "Digilent Arty Z7 003017A4C81CA"} -index 0
dow C:/Users/Juanma/Documents/Juanma/CESE/MyS/Practicas/lab1/lab1.sdk/mem_test/Debug/mem_test.elf
configparams force-mem-access 0
----------------End of Script----------------

17:47:50 INFO  : Context for processor 'ps7_cortexa9_0' is selected.
17:47:50 INFO  : 'con' command is executed.
17:47:50 INFO  : ----------------XSDB Script (After Launch)----------------
targets -set -nocase -filter {name =~ "ARM*#0" && jtag_cable_name =~ "Digilent Arty Z7 003017A4C81CA"} -index 0
con
----------------End of Script----------------

17:47:50 INFO  : Launch script is exported to file 'C:\Users\Juanma\Documents\Juanma\CESE\MyS\Practicas\lab1\lab1.sdk\.sdk\launch_scripts\xilinx_c-c++_application_(system_debugger)\conexion_remota.tcl'
17:50:26 INFO  : Disconnected from the channel tcfchan#2.
17:50:27 INFO  : Connected through redirection to target on host 'lseserver.ddns.net' and port '3121'.
17:50:27 WARN  : SDK version '2018.1' doesn't match hw_server version '2023.2'. Some debug features may not work.
17:50:30 INFO  : Jtag cable 'Digilent Arty Z7 003017A4C81CA' is selected.
17:50:30 INFO  : 'jtag frequency' command is executed.
17:50:30 INFO  : Sourcing of 'C:/Users/Juanma/Documents/Juanma/CESE/MyS/Practicas/lab1/lab1.sdk/system_wrapper_hw_platform_0/ps7_init.tcl' is done.
17:50:31 INFO  : Context for 'APU' is selected.
17:50:32 INFO  : Hardware design information is loaded from 'C:/Users/Juanma/Documents/Juanma/CESE/MyS/Practicas/lab1/lab1.sdk/system_wrapper_hw_platform_0/system.hdf'.
17:50:32 INFO  : 'configparams force-mem-access 1' command is executed.
17:50:32 INFO  : Context for 'APU' is selected.
17:50:32 INFO  : 'stop' command is executed.
17:50:39 INFO  : 'ps7_init' command is executed.
17:50:39 INFO  : 'ps7_post_config' command is executed.
17:50:39 INFO  : Context for processor 'ps7_cortexa9_0' is selected.
17:50:40 INFO  : Processor reset is completed for 'ps7_cortexa9_0'.
17:50:40 INFO  : Context for processor 'ps7_cortexa9_0' is selected.
17:50:40 INFO  : The application 'C:/Users/Juanma/Documents/Juanma/CESE/MyS/Practicas/lab1/lab1.sdk/mem_test/Debug/mem_test.elf' is downloaded to processor 'ps7_cortexa9_0'.
17:50:40 INFO  : 'configparams force-mem-access 0' command is executed.
17:50:40 INFO  : ----------------XSDB Script----------------
connect -path [list tcp::1534 tcp:lseserver.ddns.net:3121]
source C:/Users/Juanma/Documents/Juanma/CESE/MyS/Practicas/lab1/lab1.sdk/system_wrapper_hw_platform_0/ps7_init.tcl
targets -set -nocase -filter {name =~"APU*" && jtag_cable_name =~ "Digilent Arty Z7 003017A4C81CA"} -index 0
loadhw -hw C:/Users/Juanma/Documents/Juanma/CESE/MyS/Practicas/lab1/lab1.sdk/system_wrapper_hw_platform_0/system.hdf -mem-ranges [list {0x40000000 0xbfffffff}]
configparams force-mem-access 1
targets -set -nocase -filter {name =~"APU*" && jtag_cable_name =~ "Digilent Arty Z7 003017A4C81CA"} -index 0
stop
ps7_init
ps7_post_config
targets -set -nocase -filter {name =~ "ARM*#0" && jtag_cable_name =~ "Digilent Arty Z7 003017A4C81CA"} -index 0
rst -processor
targets -set -nocase -filter {name =~ "ARM*#0" && jtag_cable_name =~ "Digilent Arty Z7 003017A4C81CA"} -index 0
dow C:/Users/Juanma/Documents/Juanma/CESE/MyS/Practicas/lab1/lab1.sdk/mem_test/Debug/mem_test.elf
configparams force-mem-access 0
----------------End of Script----------------

17:50:40 INFO  : Context for processor 'ps7_cortexa9_0' is selected.
17:50:40 INFO  : 'con' command is executed.
17:50:40 INFO  : ----------------XSDB Script (After Launch)----------------
targets -set -nocase -filter {name =~ "ARM*#0" && jtag_cable_name =~ "Digilent Arty Z7 003017A4C81CA"} -index 0
con
----------------End of Script----------------

17:50:40 INFO  : Launch script is exported to file 'C:\Users\Juanma\Documents\Juanma\CESE\MyS\Practicas\lab1\lab1.sdk\.sdk\launch_scripts\xilinx_c-c++_application_(system_debugger)\conexion_remota.tcl'
17:51:57 INFO  : Disconnected from the channel tcfchan#3.
